{"C:\\Project\\weather-analytics\\frontend\\src\\components\\CityInput.tsx": {"path":"C:\\Project\\weather-analytics\\frontend\\src\\components\\CityInput.tsx","statementMap":{"0":{"start":{"line":8,"column":15},"end":{"line":8,"column":null}},"1":{"start":{"line":10,"column":2},"end":{"line":21,"column":null}},"2":{"start":{"line":14,"column":25},"end":{"line":14,"column":null}},"3":{"start":{"line":18,"column":29},"end":{"line":18,"column":45}}},"fnMap":{"0":{"name":"CityInput","decl":{"start":{"line":7,"column":24},"end":{"line":7,"column":34}},"loc":{"start":{"line":7,"column":55},"end":{"line":23,"column":null}},"line":7},"1":{"name":"(anonymous_1)","decl":{"start":{"line":14,"column":8},"end":{"line":14,"column":19}},"loc":{"start":{"line":14,"column":25},"end":{"line":14,"column":null}},"line":14},"2":{"name":"(anonymous_2)","decl":{"start":{"line":18,"column":14},"end":{"line":18,"column":29}},"loc":{"start":{"line":18,"column":29},"end":{"line":18,"column":45}},"line":18}},"branchMap":{},"s":{"0":4,"1":4,"2":2,"3":1},"f":{"0":4,"1":2,"2":1},"b":{},"meta":{"lastBranch":0,"lastFunction":3,"lastStatement":4,"seen":{"f:7:24:7:34":0,"s:8:15:8:Infinity":0,"s:10:2:21:Infinity":1,"f:14:8:14:19":1,"s:14:25:14:Infinity":2,"f:18:14:18:29":2,"s:18:29:18:45":3},"fnNames":{}}}
,"C:\\Project\\weather-analytics\\frontend\\src\\components\\WeatherCard.tsx": {"path":"C:\\Project\\weather-analytics\\frontend\\src\\components\\WeatherCard.tsx","statementMap":{"0":{"start":{"line":9,"column":2},"end":{"line":34,"column":null}},"1":{"start":{"line":25,"column":23},"end":{"line":25,"column":null}}},"fnMap":{"0":{"name":"WeatherCard","decl":{"start":{"line":8,"column":24},"end":{"line":8,"column":36}},"loc":{"start":{"line":8,"column":60},"end":{"line":36,"column":null}},"line":8},"1":{"name":"(anonymous_1)","decl":{"start":{"line":25,"column":8},"end":{"line":25,"column":23}},"loc":{"start":{"line":25,"column":23},"end":{"line":25,"column":null}},"line":25}},"branchMap":{},"s":{"0":2,"1":1},"f":{"0":2,"1":1},"b":{},"meta":{"lastBranch":0,"lastFunction":2,"lastStatement":2,"seen":{"f:8:24:8:36":0,"s:9:2:34:Infinity":0,"f:25:8:25:23":1,"s:25:23:25:Infinity":1},"fnNames":{}}}
,"C:\\Project\\weather-analytics\\frontend\\src\\components\\WeatherGrid.tsx": {"path":"C:\\Project\\weather-analytics\\frontend\\src\\components\\WeatherGrid.tsx","statementMap":{"0":{"start":{"line":12,"column":18},"end":{"line":12,"column":null}},"1":{"start":{"line":13,"column":20},"end":{"line":13,"column":null}},"2":{"start":{"line":15,"column":21},"end":{"line":28,"column":null}},"3":{"start":{"line":16,"column":15},"end":{"line":16,"column":null}},"4":{"start":{"line":17,"column":15},"end":{"line":17,"column":null}},"5":{"start":{"line":20,"column":4},"end":{"line":23,"column":null}},"6":{"start":{"line":21,"column":6},"end":{"line":21,"column":null}},"7":{"start":{"line":22,"column":6},"end":{"line":22,"column":null}},"8":{"start":{"line":25,"column":4},"end":{"line":25,"column":null}},"9":{"start":{"line":25,"column":21},"end":{"line":25,"column":null}},"10":{"start":{"line":26,"column":4},"end":{"line":26,"column":null}},"11":{"start":{"line":26,"column":21},"end":{"line":26,"column":null}},"12":{"start":{"line":27,"column":4},"end":{"line":27,"column":null}},"13":{"start":{"line":30,"column":8},"end":{"line":37,"column":null}},"14":{"start":{"line":31,"column":4},"end":{"line":36,"column":null}},"15":{"start":{"line":32,"column":6},"end":{"line":32,"column":null}},"16":{"start":{"line":34,"column":6},"end":{"line":34,"column":null}},"17":{"start":{"line":35,"column":6},"end":{"line":35,"column":null}},"18":{"start":{"line":39,"column":2},"end":{"line":62,"column":null}},"19":{"start":{"line":44,"column":31},"end":{"line":44,"column":51}},"20":{"start":{"line":45,"column":31},"end":{"line":45,"column":58}},"21":{"start":{"line":46,"column":31},"end":{"line":46,"column":56}},"22":{"start":{"line":47,"column":31},"end":{"line":47,"column":51}},"23":{"start":{"line":53,"column":12},"end":{"line":58,"column":null}}},"fnMap":{"0":{"name":"WeatherTable","decl":{"start":{"line":11,"column":24},"end":{"line":11,"column":37}},"loc":{"start":{"line":11,"column":54},"end":{"line":64,"column":null}},"line":11},"1":{"name":"(anonymous_1)","decl":{"start":{"line":15,"column":31},"end":{"line":15,"column":37}},"loc":{"start":{"line":15,"column":46},"end":{"line":28,"column":3}},"line":15},"2":{"name":"(anonymous_2)","decl":{"start":{"line":30,"column":8},"end":{"line":30,"column":22}},"loc":{"start":{"line":30,"column":39},"end":{"line":37,"column":null}},"line":30},"3":{"name":"(anonymous_3)","decl":{"start":{"line":44,"column":16},"end":{"line":44,"column":31}},"loc":{"start":{"line":44,"column":31},"end":{"line":44,"column":51}},"line":44},"4":{"name":"(anonymous_4)","decl":{"start":{"line":45,"column":16},"end":{"line":45,"column":31}},"loc":{"start":{"line":45,"column":31},"end":{"line":45,"column":58}},"line":45},"5":{"name":"(anonymous_5)","decl":{"start":{"line":46,"column":16},"end":{"line":46,"column":31}},"loc":{"start":{"line":46,"column":31},"end":{"line":46,"column":56}},"line":46},"6":{"name":"(anonymous_6)","decl":{"start":{"line":47,"column":16},"end":{"line":47,"column":31}},"loc":{"start":{"line":47,"column":31},"end":{"line":47,"column":51}},"line":47},"7":{"name":"(anonymous_7)","decl":{"start":{"line":52,"column":22},"end":{"line":52,"column":27}},"loc":{"start":{"line":53,"column":12},"end":{"line":58,"column":null}},"line":53}},"branchMap":{"0":{"loc":{"start":{"line":20,"column":4},"end":{"line":23,"column":null}},"type":"if","locations":[{"start":{"line":20,"column":4},"end":{"line":23,"column":null}},{"start":{},"end":{}}],"line":20},"1":{"loc":{"start":{"line":25,"column":4},"end":{"line":25,"column":null}},"type":"if","locations":[{"start":{"line":25,"column":4},"end":{"line":25,"column":null}},{"start":{},"end":{}}],"line":25},"2":{"loc":{"start":{"line":25,"column":28},"end":{"line":25,"column":null}},"type":"cond-expr","locations":[{"start":{"line":25,"column":50},"end":{"line":25,"column":55}},{"start":{"line":25,"column":55},"end":{"line":25,"column":null}}],"line":25},"3":{"loc":{"start":{"line":26,"column":4},"end":{"line":26,"column":null}},"type":"if","locations":[{"start":{"line":26,"column":4},"end":{"line":26,"column":null}},{"start":{},"end":{}}],"line":26},"4":{"loc":{"start":{"line":26,"column":28},"end":{"line":26,"column":null}},"type":"cond-expr","locations":[{"start":{"line":26,"column":50},"end":{"line":26,"column":54}},{"start":{"line":26,"column":54},"end":{"line":26,"column":null}}],"line":26},"5":{"loc":{"start":{"line":31,"column":4},"end":{"line":36,"column":null}},"type":"if","locations":[{"start":{"line":31,"column":4},"end":{"line":36,"column":null}},{"start":{"line":33,"column":11},"end":{"line":36,"column":null}}],"line":31},"6":{"loc":{"start":{"line":32,"column":19},"end":{"line":32,"column":55}},"type":"cond-expr","locations":[{"start":{"line":32,"column":41},"end":{"line":32,"column":50}},{"start":{"line":32,"column":50},"end":{"line":32,"column":55}}],"line":32}},"s":{"0":15,"1":15,"2":15,"3":24,"4":24,"5":24,"6":19,"7":19,"8":24,"9":19,"10":5,"11":5,"12":1,"13":15,"14":6,"15":3,"16":3,"17":3,"18":15,"19":3,"20":1,"21":1,"22":1,"23":37},"f":{"0":15,"1":24,"2":6,"3":3,"4":1,"5":1,"6":1,"7":37},"b":{"0":[19,5],"1":[19,5],"2":[14,5],"3":[4,1],"4":[4,0],"5":[3,3],"6":[3,0]},"meta":{"lastBranch":7,"lastFunction":8,"lastStatement":24,"seen":{"f:11:24:11:37":0,"s:12:18:12:Infinity":0,"s:13:20:13:Infinity":1,"s:15:21:28:Infinity":2,"f:15:31:15:37":1,"s:16:15:16:Infinity":3,"s:17:15:17:Infinity":4,"b:20:4:23:Infinity:undefined:undefined:undefined:undefined":0,"s:20:4:23:Infinity":5,"s:21:6:21:Infinity":6,"s:22:6:22:Infinity":7,"b:25:4:25:Infinity:undefined:undefined:undefined:undefined":1,"s:25:4:25:Infinity":8,"s:25:21:25:Infinity":9,"b:25:50:25:55:25:55:25:Infinity":2,"b:26:4:26:Infinity:undefined:undefined:undefined:undefined":3,"s:26:4:26:Infinity":10,"s:26:21:26:Infinity":11,"b:26:50:26:54:26:54:26:Infinity":4,"s:27:4:27:Infinity":12,"s:30:8:37:Infinity":13,"f:30:8:30:22":2,"b:31:4:36:Infinity:33:11:36:Infinity":5,"s:31:4:36:Infinity":14,"s:32:6:32:Infinity":15,"b:32:41:32:50:32:50:32:55":6,"s:34:6:34:Infinity":16,"s:35:6:35:Infinity":17,"s:39:2:62:Infinity":18,"f:44:16:44:31":3,"s:44:31:44:51":19,"f:45:16:45:31":4,"s:45:31:45:58":20,"f:46:16:46:31":5,"s:46:31:46:56":21,"f:47:16:47:31":6,"s:47:31:47:51":22,"f:52:22:52:27":7,"s:53:12:58:Infinity":23},"fnNames":{}}}
}
