TN:
SF:src\app.ts
FNF:0
FNH:0
DA:5,1
DA:7,1
DA:8,1
DA:10,1
LF:4
LH:4
BRF:0
BRH:0
end_of_record
TN:
SF:src\index.ts
FN:5,(anonymous_0)
FNF:1
FNH:0
FNDA:0,(anonymous_0)
DA:3,0
DA:5,0
DA:6,0
LF:3
LH:0
BRDA:3,0,0,0
BRDA:3,0,1,0
BRF:2
BRH:0
end_of_record
TN:
SF:src\clients\openmeteo.client.ts
FN:1,fetchWeather
FNF:1
FNH:0
FNDA:0,fetchWeather
DA:3,0
DA:8,0
DA:9,0
LF:3
LH:0
BRF:0
BRH:0
end_of_record
TN:
SF:src\db\pool.ts
FNF:0
FNH:0
DA:3,2
LF:1
LH:1
BRF:0
BRH:0
end_of_record
TN:
SF:src\repo\weatherRepo.ts
FN:4,insertWeather
FNF:1
FNH:1
FNDA:3,insertWeather
DA:5,3
DA:7,3
DA:12,3
DA:18,3
DA:19,3
DA:20,2
DA:22,1
DA:23,1
LF:8
LH:8
BRF:0
BRH:0
end_of_record
TN:
SF:src\routes\weather.routes.ts
FN:7,(anonymous_0)
FN:18,(anonymous_1)
FNF:2
FNH:2
FNDA:2,(anonymous_0)
FNDA:2,(anonymous_1)
DA:5,2
DA:7,2
DA:8,2
DA:9,2
DA:10,2
DA:12,1
DA:14,1
DA:18,2
DA:19,2
DA:20,2
DA:21,2
DA:23,2
DA:25,2
DA:27,2
DA:29,1
DA:31,1
DA:35,1
DA:36,1
DA:37,1
DA:38,1
DA:40,1
LF:21
LH:21
BRF:0
BRH:0
end_of_record
TN:
SF:src\services\weather.service.ts
FN:7,getWeatherByCity
FN:28,saveWeather
FNF:2
FNH:2
FNDA:6,getWeatherByCity
FNDA:2,saveWeather
DA:8,6
DA:9,1
DA:11,5
DA:12,5
DA:14,5
DA:15,3
DA:18,2
DA:20,2
DA:29,2
DA:31,2
DA:32,1
DA:33,1
DA:36,1
DA:38,1
DA:41,2
DA:43,2
DA:45,2
DA:50,1
LF:18
LH:18
BRDA:8,0,0,1
BRDA:8,0,1,5
BRDA:14,1,0,3
BRDA:14,1,1,2
BRDA:31,2,0,1
BRDA:31,2,1,1
BRF:6
BRH:6
end_of_record
TN:
SF:src\types\weather.ts
FNF:0
FNH:0
LF:0
LH:0
BRF:0
BRH:0
end_of_record
TN:
SF:src\utils\cityMap.ts
FNF:0
FNH:0
DA:1,1
LF:1
LH:1
BRF:0
BRH:0
end_of_record
