TN:
SF:src\app.ts
FNF:0
FNH:0
DA:5,1
DA:7,1
DA:8,1
DA:10,1
LF:4
LH:4
BRF:0
BRH:0
end_of_record
TN:
SF:src\db\pool.ts
FNF:0
FNH:0
DA:3,1
LF:1
LH:1
BRF:0
BRH:0
end_of_record
TN:
SF:src\repo\weatherRepo.ts
FN:4,insertWeather
FN:27,getAllWeather
FN:36,(anonymous_2)
FNF:3
FNH:0
FNDA:0,insertWeather
FNDA:0,getAllWeather
FNDA:0,(anonymous_2)
DA:5,0
DA:7,0
DA:12,0
DA:18,0
DA:19,0
DA:20,0
DA:22,0
DA:23,0
DA:28,0
DA:34,0
DA:36,0
LF:11
LH:0
BRF:0
BRH:0
end_of_record
TN:
SF:src\routes\weather.routes.ts
FN:9,(anonymous_0)
FN:20,(anonymous_1)
FN:49,(anonymous_2)
FN:59,(anonymous_3)
FNF:4
FNH:2
FNDA:2,(anonymous_0)
FNDA:2,(anonymous_1)
FNDA:0,(anonymous_2)
FNDA:0,(anonymous_3)
DA:7,2
DA:9,2
DA:10,2
DA:11,2
DA:12,2
DA:14,1
DA:16,1
DA:20,2
DA:21,2
DA:22,2
DA:23,2
DA:25,2
DA:27,2
DA:29,2
DA:31,1
DA:33,1
DA:37,1
DA:38,1
DA:39,1
DA:40,1
DA:42,1
DA:49,2
DA:50,0
DA:51,0
DA:52,0
DA:53,0
DA:55,0
DA:59,2
DA:60,0
DA:61,0
DA:62,0
DA:63,0
DA:65,0
LF:33
LH:23
BRF:0
BRH:0
end_of_record
TN:
SF:src\services\weather.service.ts
FN:7,getWeatherByCity
FN:28,saveWeather
FN:53,getSavedWeather
FN:63,getWeatherAnalytics
FNF:4
FNH:2
FNDA:6,getWeatherByCity
FNDA:2,saveWeather
FNDA:0,getSavedWeather
FNDA:0,getWeatherAnalytics
DA:8,6
DA:9,1
DA:11,5
DA:12,5
DA:14,5
DA:15,3
DA:18,2
DA:20,2
DA:29,2
DA:31,2
DA:32,1
DA:33,1
DA:36,1
DA:38,1
DA:41,2
DA:43,2
DA:45,2
DA:50,1
DA:54,0
DA:56,0
DA:58,0
DA:60,0
DA:64,0
DA:66,0
DA:68,0
DA:69,0
DA:70,0
DA:77,0
DA:78,0
DA:80,0
DA:81,0
DA:82,0
DA:85,0
DA:87,0
DA:88,0
DA:90,0
DA:92,0
LF:37
LH:18
BRDA:8,0,0,1
BRDA:8,0,1,5
BRDA:14,1,0,3
BRDA:14,1,1,2
BRDA:31,2,0,1
BRDA:31,2,1,1
BRDA:68,3,0,0
BRDA:68,3,1,0
BRDA:68,4,0,0
BRDA:68,4,1,0
BRF:10
BRH:6
end_of_record
TN:
SF:src\utils\cityMap.ts
FNF:0
FNH:0
DA:1,1
LF:1
LH:1
BRF:0
BRH:0
end_of_record
